<?xml version="1.0" encoding="UTF-8"?>
<!-- Generated by org.testng.reporters.JUnitReportReporter -->
<testsuite skipped="0" hostname="Tonimas-MacBook-Air.local" name="com.autoprac.qa.testcases.HomePageTest" tests="6" failures="0" timestamp="03 Dec 2019 00:38:07 GMT" time="41.866" errors="0">
  <testcase name="searchItemTest" time="9.739" classname="com.autoprac.qa.testcases.HomePageTest"/>
  <testcase name="verifyLogoIsDisplayedTest" time="4.538" classname="com.autoprac.qa.testcases.HomePageTest"/>
  <testcase name="clickOnSignInLinkTest" time="10.525" classname="com.autoprac.qa.testcases.HomePageTest"/>
  <testcase name="clickOnContactLinkTest" time="6.036" classname="com.autoprac.qa.testcases.HomePageTest"/>
  <testcase name="getRegistrationPageTest" time="6.271" classname="com.autoprac.qa.testcases.HomePageTest"/>
  <testcase name="verifyHomePageTitleTest" time="4.757" classname="com.autoprac.qa.testcases.HomePageTest"/>
</testsuite> <!-- com.autoprac.qa.testcases.HomePageTest -->
