<?xml version="1.0" encoding="UTF-8"?>
<!-- Generated by org.testng.reporters.JUnitReportReporter -->
<testsuite skipped="0" hostname="Tonimas-MacBook-Air.local" name="com.autoprac.qa.testcases.SignInPageTest" tests="4" failures="0" timestamp="02 Dec 2019 21:27:20 GMT" time="22.581" errors="0">
  <testcase name="clickOnForgotPasswdLinkTest" time="5.516" classname="com.autoprac.qa.testcases.SignInPageTest"/>
  <testcase name="SignInTest" time="6.173" classname="com.autoprac.qa.testcases.SignInPageTest"/>
  <testcase name="createAccountTest" time="4.949" classname="com.autoprac.qa.testcases.SignInPageTest"/>
  <testcase name="validateTitleOfSignInPageTest" time="5.943" classname="com.autoprac.qa.testcases.SignInPageTest"/>
</testsuite> <!-- com.autoprac.qa.testcases.SignInPageTest -->
