<?xml version="1.0" encoding="UTF-8"?>
<!-- Generated by org.testng.reporters.JUnitReportReporter -->
<testsuite skipped="0" hostname="Tonimas-MacBook-Air.local" name="com.autoprac.qa.testcases.HomePageTest" tests="6" failures="0" timestamp="2019-12-10T13:14:50 EST" time="44.241" errors="0">
  <testcase name="verifyLogoIsDisplayedTest" time="5.424" classname="com.autoprac.qa.testcases.HomePageTest"/>
  <testcase name="clickOnSignInLinkTest" time="10.623" classname="com.autoprac.qa.testcases.HomePageTest"/>
  <testcase name="getRegistrationPageTest" time="5.162" classname="com.autoprac.qa.testcases.HomePageTest"/>
  <testcase name="clickOnContactLinkTest" time="10.551" classname="com.autoprac.qa.testcases.HomePageTest"/>
  <testcase name="verifyHomePageTitleTest" time="4.999" classname="com.autoprac.qa.testcases.HomePageTest"/>
  <testcase name="searchItemTest" time="7.482" classname="com.autoprac.qa.testcases.HomePageTest"/>
</testsuite> <!-- com.autoprac.qa.testcases.HomePageTest -->
