<?xml version="1.0" encoding="UTF-8"?>
<!-- Generated by org.testng.reporters.JUnitReportReporter -->
<testsuite skipped="0" hostname="Tonimas-MacBook-Air.local" name="com.autoprac.qa.testcases.SignInPageTest" tests="4" failures="0" timestamp="2019-12-10T13:14:50 EST" time="50.872" errors="0">
  <testcase name="validateTitleOfSignInPageTest" time="5.975" classname="com.autoprac.qa.testcases.SignInPageTest"/>
  <testcase name="SignInTest" time="15.892" classname="com.autoprac.qa.testcases.SignInPageTest"/>
  <testcase name="clickOnForgotPasswdLinkTest" time="16.221" classname="com.autoprac.qa.testcases.SignInPageTest"/>
  <testcase name="createAccountTest" time="12.784" classname="com.autoprac.qa.testcases.SignInPageTest"/>
</testsuite> <!-- com.autoprac.qa.testcases.SignInPageTest -->
